<?xml version="1.0" encoding="UTF-8"?>
<testng-results ignored="0" total="1" passed="1" failed="0" skipped="0">
  <reporter-output>
  </reporter-output>
  <suite started-at="2024-06-15T18:08:02 IST" name="Default suite" finished-at="2024-06-15T18:08:45 IST" duration-ms="43338">
    <groups>
    </groups>
    <test started-at="2024-06-15T18:08:02 IST" name="Default test" finished-at="2024-06-15T18:08:45 IST" duration-ms="43338">
      <class name="com.ecommerce.testcases.ProductPageTest">
        <test-method is-config="true" signature="loadConfig()[pri:0, instance:com.ecommerce.testcases.ProductPageTest@3349e9bb]" started-at="2024-06-15T18:08:02 IST" name="loadConfig" finished-at="2024-06-15T18:08:02 IST" duration-ms="13" status="PASS">
          <reporter-output>
          </reporter-output>
        </test-method> <!-- loadConfig -->
        <test-method is-config="true" signature="setup()[pri:0, instance:com.ecommerce.testcases.ProductPageTest@3349e9bb]" started-at="2024-06-15T18:08:02 IST" name="setup" finished-at="2024-06-15T18:08:17 IST" duration-ms="15865" status="PASS">
          <reporter-output>
          </reporter-output>
        </test-method> <!-- setup -->
        <test-method signature="productAvailable()[pri:0, instance:com.ecommerce.testcases.ProductPageTest@3349e9bb]" started-at="2024-06-15T18:08:17 IST" name="productAvailable" finished-at="2024-06-15T18:08:44 IST" duration-ms="27041" status="PASS">
          <reporter-output>
          </reporter-output>
        </test-method> <!-- productAvailable -->
        <test-method is-config="true" signature="tearDown()[pri:0, instance:com.ecommerce.testcases.ProductPageTest@3349e9bb]" started-at="2024-06-15T18:08:44 IST" name="tearDown" finished-at="2024-06-15T18:08:45 IST" duration-ms="363" status="PASS">
          <reporter-output>
          </reporter-output>
        </test-method> <!-- tearDown -->
      </class> <!-- com.ecommerce.testcases.ProductPageTest -->
    </test> <!-- Default test -->
  </suite> <!-- Default suite -->
</testng-results>
